<?xml version="1.0" encoding="UTF-8"?>
<Site BuildName="(empty)"
	BuildStamp="20250130-1424-Experimental"
	Name="jacob-VirtualBox"
	Generator="ctest-3.16.3"
	CompilerName="/usr/bin/c++"
	CompilerVersion="9.4.0"
	OSName="Linux"
	Hostname="jacob-VirtualBox"
	OSRelease="5.15.0-130-generic"
	OSVersion="#140~20.04.1-Ubuntu SMP Wed Dec 18 21:35:34 UTC 2024"
	OSPlatform="x86_64"
	Is64Bits="1"
	VendorString="GenuineIntel"
	VendorID="Intel Corporation"
	FamilyID="6"
	ModelID="186"
	ProcessorCacheSize="24576"
	NumberOfLogicalCPU="14"
	NumberOfPhysicalCPU="14"
	TotalVirtualMemory="2047"
	TotalPhysicalMemory="10890"
	LogicalProcessorsPerPhysical="1"
	ProcessorClockFrequency="2918.41"
	>
	<Testing>
		<StartDateTime>Jan 30 15:24 CET</StartDateTime>
		<StartTestTime>1738247099</StartTestTime>
		<TestList/>
		<EndDateTime>Jan 30 15:24 CET</EndDateTime>
		<EndTestTime>1738247099</EndTestTime>
		<ElapsedMinutes>0</ElapsedMinutes>
	</Testing>
</Site>
