<?xml version="1.0" encoding="UTF-8"?>
<Site BuildName="(empty)"
	BuildStamp="20250203-0940-Experimental"
	Name="jacob-VirtualBox"
	Generator="ctest-3.16.3"
	CompilerName="/usr/bin/c++"
	CompilerVersion="9.4.0"
	OSName="Linux"
	Hostname="jacob-VirtualBox"
	OSRelease="5.15.0-131-generic"
	OSVersion="#141~20.04.1-Ubuntu SMP Thu Jan 16 18:38:51 UTC 2025"
	OSPlatform="x86_64"
	Is64Bits="1"
	VendorString="GenuineIntel"
	VendorID="Intel Corporation"
	FamilyID="6"
	ModelID="186"
	ProcessorCacheSize="24576"
	NumberOfLogicalCPU="14"
	NumberOfPhysicalCPU="14"
	TotalVirtualMemory="2047"
	TotalPhysicalMemory="10890"
	LogicalProcessorsPerPhysical="1"
	ProcessorClockFrequency="2918.41"
	>
	<Testing>
		<StartDateTime>Feb 03 19:57 CET</StartDateTime>
		<StartTestTime>1738609070</StartTestTime>
		<TestList/>
		<EndDateTime>Feb 03 19:57 CET</EndDateTime>
		<EndTestTime>1738609070</EndTestTime>
		<ElapsedMinutes>0</ElapsedMinutes>
	</Testing>
</Site>
